Requirement already satisfied: optuna in /media/beegfs/home/y222/y222446/.local/lib/python3.9/site-packages (4.8.0)
Requirement already satisfied: alembic>=1.5.0 in /media/beegfs/home/y222/y222446/.local/lib/python3.9/site-packages (from optuna) (1.16.5)
Requirement already satisfied: numpy in /media/apps/avx512-2021/software/Python/3.9.5-GCCcore-10.3.0/lib/python3.9/site-packages (from optuna) (1.23.0)
Requirement already satisfied: PyYAML in /media/beegfs/home/y222/y222446/.local/lib/python3.9/site-packages (from optuna) (6.0.3)
Requirement already satisfied: packaging>=20.0 in /media/beegfs/home/y222/y222446/.local/lib/python3.9/site-packages (from optuna) (26.0)
Requirement already satisfied: tqdm in /media/beegfs/home/y222/y222446/.local/lib/python3.9/site-packages (from optuna) (4.67.3)
Requirement already satisfied: colorlog in /media/beegfs/home/y222/y222446/.local/lib/python3.9/site-packages (from optuna) (6.10.1)
Requirement already satisfied: sqlalchemy>=1.4.2 in /media/beegfs/home/y222/y222446/.local/lib/python3.9/site-packages (from optuna) (2.0.49)
Requirement already satisfied: tomli in /media/beegfs/home/y222/y222446/.local/lib/python3.9/site-packages (from alembic>=1.5.0->optuna) (2.4.1)
Requirement already satisfied: typing-extensions>=4.12 in /media/beegfs/home/y222/y222446/.local/lib/python3.9/site-packages (from alembic>=1.5.0->optuna) (4.15.0)
Requirement already satisfied: Mako in /media/beegfs/home/y222/y222446/.local/lib/python3.9/site-packages (from alembic>=1.5.0->optuna) (1.3.11)
Requirement already satisfied: greenlet>=1 in /media/beegfs/home/y222/y222446/.local/lib/python3.9/site-packages (from sqlalchemy>=1.4.2->optuna) (3.2.5)
Requirement already satisfied: MarkupSafe>=0.9.2 in /media/beegfs/home/y222/y222446/.local/lib/python3.9/site-packages (from Mako->alembic>=1.5.0->optuna) (3.0.3)
==========================================
Avvio Optuna Search
Modello: CNN
Dataset: IBD
Pretrain: False
Trials: 150
==========================================
=== OPTUNA SEARCH START ===
Model: CNN | Dataset: IBD | Pretrain: False | Device: cuda
Caricamento dati da data/IBD/Processed/IBD_Dataset_500pt.mat...
Uso Stratified K-Fold (5 folds)
Iniziando ricerca parametri: study_cnn_ibd_pretrainFalse_arch
MIGLIOR TRIAL:
 Valore  : 0.977794448612153
 Params  : {'lr_finetune': 0.00015970359748178938, 'epochs_finetune': 39, 'weight_decay': 0.008250201658257647, 'batch_size': 32, 'patience': 20, 'scheduler_patience': 6, 'scheduler_factor': 0.6538481489067385, 'pos_weight_multiplier': 1.1312343820152992, 'num_layers': 3, 'base_filters': 64, 'dropout': 0.37034799091257925, 'kernel_size': 3}
Ricerca Ottimizzata Completata!
