Requirement already satisfied: optuna in /media/beegfs/home/y222/y222446/.local/lib/python3.9/site-packages (4.8.0)
Requirement already satisfied: tqdm in /media/beegfs/home/y222/y222446/.local/lib/python3.9/site-packages (4.67.3)
Requirement already satisfied: timm in /media/beegfs/home/y222/y222446/.local/lib/python3.9/site-packages (1.0.26)
Requirement already satisfied: einops in /media/beegfs/home/y222/y222446/.local/lib/python3.9/site-packages (0.8.2)
Requirement already satisfied: packaging>=20.0 in /media/beegfs/home/y222/y222446/.local/lib/python3.9/site-packages (from optuna) (26.0)
Requirement already satisfied: colorlog in /media/beegfs/home/y222/y222446/.local/lib/python3.9/site-packages (from optuna) (6.10.1)
Requirement already satisfied: PyYAML in /media/beegfs/home/y222/y222446/.local/lib/python3.9/site-packages (from optuna) (6.0.3)
Requirement already satisfied: sqlalchemy>=1.4.2 in /media/beegfs/home/y222/y222446/.local/lib/python3.9/site-packages (from optuna) (2.0.49)
Requirement already satisfied: alembic>=1.5.0 in /media/beegfs/home/y222/y222446/.local/lib/python3.9/site-packages (from optuna) (1.16.5)
Requirement already satisfied: numpy in /media/apps/avx512-2021/software/Python/3.9.5-GCCcore-10.3.0/lib/python3.9/site-packages (from optuna) (1.23.0)
Requirement already satisfied: tomli in /media/beegfs/home/y222/y222446/.local/lib/python3.9/site-packages (from alembic>=1.5.0->optuna) (2.4.1)
Requirement already satisfied: Mako in /media/beegfs/home/y222/y222446/.local/lib/python3.9/site-packages (from alembic>=1.5.0->optuna) (1.3.11)
Requirement already satisfied: typing-extensions>=4.12 in /media/beegfs/home/y222/y222446/.local/lib/python3.9/site-packages (from alembic>=1.5.0->optuna) (4.15.0)
Requirement already satisfied: greenlet>=1 in /media/beegfs/home/y222/y222446/.local/lib/python3.9/site-packages (from sqlalchemy>=1.4.2->optuna) (3.2.5)
Requirement already satisfied: safetensors in /media/beegfs/home/y222/y222446/.local/lib/python3.9/site-packages (from timm) (0.7.0)
Requirement already satisfied: torchvision in /media/beegfs/home/y222/y222446/.local/lib/python3.9/site-packages (from timm) (0.23.0)
Requirement already satisfied: huggingface_hub in /media/beegfs/home/y222/y222446/.local/lib/python3.9/site-packages (from timm) (1.8.0)
Requirement already satisfied: torch in /media/beegfs/home/y222/y222446/.local/lib/python3.9/site-packages (from timm) (2.8.0)
Requirement already satisfied: filelock>=3.10.0 in /media/beegfs/home/y222/y222446/.local/lib/python3.9/site-packages (from huggingface_hub->timm) (3.19.1)
Requirement already satisfied: fsspec>=2023.5.0 in /media/beegfs/home/y222/y222446/.local/lib/python3.9/site-packages (from huggingface_hub->timm) (2025.10.0)
Requirement already satisfied: hf-xet<2.0.0,>=1.4.2 in /media/beegfs/home/y222/y222446/.local/lib/python3.9/site-packages (from huggingface_hub->timm) (1.4.3)
Requirement already satisfied: typer in /media/beegfs/home/y222/y222446/.local/lib/python3.9/site-packages (from huggingface_hub->timm) (0.23.2)
Requirement already satisfied: httpx<1,>=0.23.0 in /media/beegfs/home/y222/y222446/.local/lib/python3.9/site-packages (from huggingface_hub->timm) (0.28.1)
Requirement already satisfied: httpcore==1.* in /media/beegfs/home/y222/y222446/.local/lib/python3.9/site-packages (from httpx<1,>=0.23.0->huggingface_hub->timm) (1.0.9)
Requirement already satisfied: certifi in /media/apps/avx512-2021/software/Python/3.9.5-GCCcore-10.3.0/lib/python3.9/site-packages (from httpx<1,>=0.23.0->huggingface_hub->timm) (2020.12.5)
Requirement already satisfied: anyio in /media/beegfs/home/y222/y222446/.local/lib/python3.9/site-packages (from httpx<1,>=0.23.0->huggingface_hub->timm) (4.12.1)
Requirement already satisfied: idna in /media/apps/avx512-2021/software/Python/3.9.5-GCCcore-10.3.0/lib/python3.9/site-packages (from httpx<1,>=0.23.0->huggingface_hub->timm) (2.10)
Requirement already satisfied: h11>=0.16 in /media/beegfs/home/y222/y222446/.local/lib/python3.9/site-packages (from httpcore==1.*->httpx<1,>=0.23.0->huggingface_hub->timm) (0.16.0)
Requirement already satisfied: exceptiongroup>=1.0.2 in /media/beegfs/home/y222/y222446/.local/lib/python3.9/site-packages (from anyio->httpx<1,>=0.23.0->huggingface_hub->timm) (1.3.1)
Requirement already satisfied: MarkupSafe>=0.9.2 in /media/beegfs/home/y222/y222446/.local/lib/python3.9/site-packages (from Mako->alembic>=1.5.0->optuna) (3.0.3)
Requirement already satisfied: nvidia-cusparselt-cu12==0.7.1 in /media/beegfs/home/y222/y222446/.local/lib/python3.9/site-packages (from torch->timm) (0.7.1)
Requirement already satisfied: nvidia-cublas-cu12==12.8.4.1 in /media/beegfs/home/y222/y222446/.local/lib/python3.9/site-packages (from torch->timm) (12.8.4.1)
Requirement already satisfied: nvidia-cudnn-cu12==9.10.2.21 in /media/beegfs/home/y222/y222446/.local/lib/python3.9/site-packages (from torch->timm) (9.10.2.21)
Requirement already satisfied: nvidia-cusolver-cu12==11.7.3.90 in /media/beegfs/home/y222/y222446/.local/lib/python3.9/site-packages (from torch->timm) (11.7.3.90)
Requirement already satisfied: nvidia-nvjitlink-cu12==12.8.93 in /media/beegfs/home/y222/y222446/.local/lib/python3.9/site-packages (from torch->timm) (12.8.93)
Requirement already satisfied: sympy>=1.13.3 in /media/beegfs/home/y222/y222446/.local/lib/python3.9/site-packages (from torch->timm) (1.14.0)
Requirement already satisfied: nvidia-cuda-cupti-cu12==12.8.90 in /media/beegfs/home/y222/y222446/.local/lib/python3.9/site-packages (from torch->timm) (12.8.90)
Requirement already satisfied: networkx in /media/beegfs/home/y222/y222446/.local/lib/python3.9/site-packages (from torch->timm) (3.2.1)
Requirement already satisfied: triton==3.4.0 in /media/beegfs/home/y222/y222446/.local/lib/python3.9/site-packages (from torch->timm) (3.4.0)
Requirement already satisfied: nvidia-cufft-cu12==11.3.3.83 in /media/beegfs/home/y222/y222446/.local/lib/python3.9/site-packages (from torch->timm) (11.3.3.83)
Requirement already satisfied: nvidia-curand-cu12==10.3.9.90 in /media/beegfs/home/y222/y222446/.local/lib/python3.9/site-packages (from torch->timm) (10.3.9.90)
Requirement already satisfied: nvidia-cuda-runtime-cu12==12.8.90 in /media/beegfs/home/y222/y222446/.local/lib/python3.9/site-packages (from torch->timm) (12.8.90)
Requirement already satisfied: nvidia-cufile-cu12==1.13.1.3 in /media/beegfs/home/y222/y222446/.local/lib/python3.9/site-packages (from torch->timm) (1.13.1.3)
Requirement already satisfied: nvidia-nccl-cu12==2.27.3 in /media/beegfs/home/y222/y222446/.local/lib/python3.9/site-packages (from torch->timm) (2.27.3)
Requirement already satisfied: jinja2 in /media/beegfs/home/y222/y222446/.local/lib/python3.9/site-packages (from torch->timm) (3.1.6)
Requirement already satisfied: nvidia-cusparse-cu12==12.5.8.93 in /media/beegfs/home/y222/y222446/.local/lib/python3.9/site-packages (from torch->timm) (12.5.8.93)
Requirement already satisfied: nvidia-cuda-nvrtc-cu12==12.8.93 in /media/beegfs/home/y222/y222446/.local/lib/python3.9/site-packages (from torch->timm) (12.8.93)
Requirement already satisfied: nvidia-nvtx-cu12==12.8.90 in /media/beegfs/home/y222/y222446/.local/lib/python3.9/site-packages (from torch->timm) (12.8.90)
Requirement already satisfied: setuptools>=40.8.0 in /media/apps/avx512-2021/software/Python/3.9.5-GCCcore-10.3.0/lib/python3.9/site-packages (from triton==3.4.0->torch->timm) (56.2.0)
Requirement already satisfied: importlib-metadata in /media/beegfs/home/y222/y222446/.local/lib/python3.9/site-packages (from triton==3.4.0->torch->timm) (8.7.1)
Requirement already satisfied: mpmath<1.4,>=1.1.0 in /media/apps/avx512-2021/software/SciPy-bundle/2021.05-foss-2021a/lib/python3.9/site-packages (from sympy>=1.13.3->torch->timm) (1.2.1)
Requirement already satisfied: zipp>=3.20 in /media/beegfs/home/y222/y222446/.local/lib/python3.9/site-packages (from importlib-metadata->triton==3.4.0->torch->timm) (3.23.0)
Requirement already satisfied: pillow!=8.3.*,>=5.3.0 in /media/apps/avx512-2021/software/Pillow/8.2.0-GCCcore-10.3.0/lib/python3.9/site-packages (from torchvision->timm) (8.2.0)
Requirement already satisfied: annotated-doc>=0.0.2 in /media/beegfs/home/y222/y222446/.local/lib/python3.9/site-packages (from typer->huggingface_hub->timm) (0.0.4)
Requirement already satisfied: rich>=12.3.0 in /media/beegfs/home/y222/y222446/.local/lib/python3.9/site-packages (from typer->huggingface_hub->timm) (15.0.0)
Requirement already satisfied: click>=8.0.0 in /media/beegfs/home/y222/y222446/.local/lib/python3.9/site-packages (from typer->huggingface_hub->timm) (8.1.8)
Requirement already satisfied: shellingham>=1.3.0 in /media/apps/avx512-2021/software/Python/3.9.5-GCCcore-10.3.0/lib/python3.9/site-packages (from typer->huggingface_hub->timm) (1.4.0)
Requirement already satisfied: markdown-it-py>=2.2.0 in /media/beegfs/home/y222/y222446/.local/lib/python3.9/site-packages (from rich>=12.3.0->typer->huggingface_hub->timm) (3.0.0)
Requirement already satisfied: pygments<3.0.0,>=2.13.0 in /media/beegfs/home/y222/y222446/.local/lib/python3.9/site-packages (from rich>=12.3.0->typer->huggingface_hub->timm) (2.20.0)
Requirement already satisfied: mdurl~=0.1 in /media/beegfs/home/y222/y222446/.local/lib/python3.9/site-packages (from markdown-it-py>=2.2.0->rich>=12.3.0->typer->huggingface_hub->timm) (0.1.2)
==========================================
Avvio Optuna HPO Search
  Modello: Hybrid
  Dataset: IBD
  Trials:  100
  Config:  configs/classification/IBD/Hybrid/exp_01_scratch.yaml
==========================================

============================================================
🔍 OPTUNA HPO SEARCH (K-Fold)
============================================================
  Model:    Hybrid
  Dataset:  IBD
  Trials:   100
  K-Folds:  5
  Device:   cuda
============================================================

Ricerca Ottimizzata Completata!
