The following modules were not unloaded:
  (Use "module --force purge" to unload all):

  1) apps/2021
WARNING: You are using pip version 21.1.1; however, version 26.0.1 is available.
You should consider upgrading via the '/media/apps/avx512-2021/software/Python/3.9.5-GCCcore-10.3.0/bin/python3 -m pip install --upgrade pip' command.
[I 2026-04-24 10:33:53,648] A new study created in RDB with name: study_FINAL_hybrid_ibd
[W 2026-04-24 10:34:00,273] Trial 0 failed with parameters: {'batch_size': 64, 'weight_decay': 0.0009245856685131083, 'patience': 10, 'scheduler_patience': 3, 'pos_weight_multiplier': 1.5496745943296193, 'grad_clip': 1.7078927689453458, 'learning_rate': 0.0021200322020564905, 'epochs': 103, 'nhead': 8, 'd_model': 32, 'num_layers': 4, 'dropout': 0.3056049991015579} because of the following error: RuntimeError('The size of tensor a (30) must match the size of tensor b (64) at non-singleton dimension 1').
Traceback (most recent call last):
  File "/home/y222/y222446/.local/lib/python3.9/site-packages/optuna/study/_optimize.py", line 206, in _run_trial
    value_or_values = func(trial)
  File "/media/beegfs/home/y222/y222446/SpectraBreast/src/tuning/optuna_final_search.py", line 263, in objective
    _, _, val_f1 = train_finetune(
  File "/media/beegfs/home/y222/y222446/SpectraBreast/src/engine/finetune.py", line 132, in train_finetune
    logits = model(X_b)
  File "/home/y222/y222446/.local/lib/python3.9/site-packages/torch/nn/modules/module.py", line 1773, in _wrapped_call_impl
    return self._call_impl(*args, **kwargs)
  File "/home/y222/y222446/.local/lib/python3.9/site-packages/torch/nn/modules/module.py", line 1784, in _call_impl
    return forward_call(*args, **kwargs)
  File "/media/beegfs/home/y222/y222446/SpectraBreast/src/models/hybrid/cnn_transformer.py", line 66, in forward
    x = x + self.pos_embedding
RuntimeError: The size of tensor a (30) must match the size of tensor b (64) at non-singleton dimension 1
[W 2026-04-24 10:34:00,282] Trial 0 failed with value None.
Traceback (most recent call last):
  File "/media/apps/avx512-2021/software/Python/3.9.5-GCCcore-10.3.0/lib/python3.9/runpy.py", line 197, in _run_module_as_main
    return _run_code(code, main_globals, None,
  File "/media/apps/avx512-2021/software/Python/3.9.5-GCCcore-10.3.0/lib/python3.9/runpy.py", line 87, in _run_code
    exec(code, run_globals)
  File "/media/beegfs/home/y222/y222446/SpectraBreast/src/tuning/optuna_final_search.py", line 328, in <module>
    run_final_optuna_search()
  File "/media/beegfs/home/y222/y222446/SpectraBreast/src/tuning/optuna_final_search.py", line 298, in run_final_optuna_search
    study.optimize(objective, n_trials=args.n_trials)
  File "/home/y222/y222446/.local/lib/python3.9/site-packages/optuna/study/study.py", line 490, in optimize
    _optimize(
  File "/home/y222/y222446/.local/lib/python3.9/site-packages/optuna/study/_optimize.py", line 68, in _optimize
    _optimize_sequential(
  File "/home/y222/y222446/.local/lib/python3.9/site-packages/optuna/study/_optimize.py", line 165, in _optimize_sequential
    frozen_trial_id = _run_trial(study, func, catch)
  File "/home/y222/y222446/.local/lib/python3.9/site-packages/optuna/study/_optimize.py", line 263, in _run_trial
    raise func_err
  File "/home/y222/y222446/.local/lib/python3.9/site-packages/optuna/study/_optimize.py", line 206, in _run_trial
    value_or_values = func(trial)
  File "/media/beegfs/home/y222/y222446/SpectraBreast/src/tuning/optuna_final_search.py", line 263, in objective
    _, _, val_f1 = train_finetune(
  File "/media/beegfs/home/y222/y222446/SpectraBreast/src/engine/finetune.py", line 132, in train_finetune
    logits = model(X_b)
  File "/home/y222/y222446/.local/lib/python3.9/site-packages/torch/nn/modules/module.py", line 1773, in _wrapped_call_impl
    return self._call_impl(*args, **kwargs)
  File "/home/y222/y222446/.local/lib/python3.9/site-packages/torch/nn/modules/module.py", line 1784, in _call_impl
    return forward_call(*args, **kwargs)
  File "/media/beegfs/home/y222/y222446/SpectraBreast/src/models/hybrid/cnn_transformer.py", line 66, in forward
    x = x + self.pos_embedding
RuntimeError: The size of tensor a (30) must match the size of tensor b (64) at non-singleton dimension 1
srun: error: r2n6: task 0: Exited with exit code 1
