Requirement already satisfied: optuna in /media/beegfs/home/y222/y222446/.local/lib/python3.9/site-packages (4.8.0)
Requirement already satisfied: tqdm in /media/beegfs/home/y222/y222446/.local/lib/python3.9/site-packages (from optuna) (4.67.3)
Requirement already satisfied: packaging>=20.0 in /media/beegfs/home/y222/y222446/.local/lib/python3.9/site-packages (from optuna) (26.0)
Requirement already satisfied: alembic>=1.5.0 in /media/beegfs/home/y222/y222446/.local/lib/python3.9/site-packages (from optuna) (1.16.5)
Requirement already satisfied: colorlog in /media/beegfs/home/y222/y222446/.local/lib/python3.9/site-packages (from optuna) (6.10.1)
Requirement already satisfied: numpy in /media/apps/avx512-2021/software/Python/3.9.5-GCCcore-10.3.0/lib/python3.9/site-packages (from optuna) (1.23.0)
Requirement already satisfied: sqlalchemy>=1.4.2 in /media/beegfs/home/y222/y222446/.local/lib/python3.9/site-packages (from optuna) (2.0.49)
Requirement already satisfied: PyYAML in /media/beegfs/home/y222/y222446/.local/lib/python3.9/site-packages (from optuna) (6.0.3)
Requirement already satisfied: tomli in /media/beegfs/home/y222/y222446/.local/lib/python3.9/site-packages (from alembic>=1.5.0->optuna) (2.4.1)
Requirement already satisfied: Mako in /media/beegfs/home/y222/y222446/.local/lib/python3.9/site-packages (from alembic>=1.5.0->optuna) (1.3.11)
Requirement already satisfied: typing-extensions>=4.12 in /media/beegfs/home/y222/y222446/.local/lib/python3.9/site-packages (from alembic>=1.5.0->optuna) (4.15.0)
Requirement already satisfied: greenlet>=1 in /media/beegfs/home/y222/y222446/.local/lib/python3.9/site-packages (from sqlalchemy>=1.4.2->optuna) (3.2.5)
Requirement already satisfied: MarkupSafe>=0.9.2 in /media/beegfs/home/y222/y222446/.local/lib/python3.9/site-packages (from Mako->alembic>=1.5.0->optuna) (3.0.3)
==========================================
Avvio Optuna Search
Modello: CNN
Dataset: IBD
Pretrain: False
Trials: 150
==========================================
=== INIZIO RICERCA GLOBALE PARAMETRI DEFINITIVI ===
Model: CNN | Dataset: IBD | Device: cuda

==================================================
RICERCA GLOBALE COMPLETATA!
F1 Medio Ottenuto (K-Fold): 0.9778
--- QUESTI SONO I PARAMETRI DA COPIARE NEL FILE YAML ---
lr_finetune: 7.684803943636052e-05
epochs_finetune: 35
weight_decay: 0.05110920473821017
batch_size: 32
patience: 20
scheduler_patience: 8
scheduler_factor: 0.5844109197095921
pos_weight_multiplier: 2.5869746496000103
num_layers: 4
base_filters: 64
dropout: 0.4206036925137989
kernel_size: 7
==================================================
Ricerca Ottimizzata Completata!
