Requirement already satisfied: optuna in /media/beegfs/home/y222/y222446/.local/lib/python3.9/site-packages (4.8.0)
Requirement already satisfied: numpy in /media/apps/avx512-2021/software/Python/3.9.5-GCCcore-10.3.0/lib/python3.9/site-packages (from optuna) (1.23.0)
Requirement already satisfied: PyYAML in /media/beegfs/home/y222/y222446/.local/lib/python3.9/site-packages (from optuna) (6.0.3)
Requirement already satisfied: sqlalchemy>=1.4.2 in /media/beegfs/home/y222/y222446/.local/lib/python3.9/site-packages (from optuna) (2.0.49)
Requirement already satisfied: tqdm in /media/beegfs/home/y222/y222446/.local/lib/python3.9/site-packages (from optuna) (4.67.3)
Requirement already satisfied: alembic>=1.5.0 in /media/beegfs/home/y222/y222446/.local/lib/python3.9/site-packages (from optuna) (1.16.5)
Requirement already satisfied: packaging>=20.0 in /media/beegfs/home/y222/y222446/.local/lib/python3.9/site-packages (from optuna) (26.0)
Requirement already satisfied: colorlog in /media/beegfs/home/y222/y222446/.local/lib/python3.9/site-packages (from optuna) (6.10.1)
Requirement already satisfied: typing-extensions>=4.12 in /media/beegfs/home/y222/y222446/.local/lib/python3.9/site-packages (from alembic>=1.5.0->optuna) (4.15.0)
Requirement already satisfied: tomli in /media/beegfs/home/y222/y222446/.local/lib/python3.9/site-packages (from alembic>=1.5.0->optuna) (2.4.1)
Requirement already satisfied: Mako in /media/beegfs/home/y222/y222446/.local/lib/python3.9/site-packages (from alembic>=1.5.0->optuna) (1.3.11)
Requirement already satisfied: greenlet>=1 in /media/beegfs/home/y222/y222446/.local/lib/python3.9/site-packages (from sqlalchemy>=1.4.2->optuna) (3.2.5)
Requirement already satisfied: MarkupSafe>=0.9.2 in /media/beegfs/home/y222/y222446/.local/lib/python3.9/site-packages (from Mako->alembic>=1.5.0->optuna) (3.0.3)
==========================================
Avvio Optuna Search
Modello: CNN
Dataset: IBD
Pretrain: False
Trials: 150
==========================================
=== NESTED OPTUNA SEARCH START ===
Model: CNN | Dataset: IBD | Pretrain: False | Device: cuda
Caricamento dati da data/IBD/Processed/IBD_Dataset_500pt.mat...
Uso Stratified K-Fold (5 folds)

========================================
=== INIZIO RICERCA PER OUTER FOLD 1 ===
========================================
Miglior F1 Validazione trovata per Fold 1: 0.9722

--- Riaddestramento modello ottimale sul Fold 1 ---
>>> TEST F1 REALE DEL FOLD 1: 0.9544 <<<

========================================
=== INIZIO RICERCA PER OUTER FOLD 2 ===
========================================
Miglior F1 Validazione trovata per Fold 2: 0.9722

--- Riaddestramento modello ottimale sul Fold 2 ---
>>> TEST F1 REALE DEL FOLD 2: 1.0000 <<<

========================================
=== INIZIO RICERCA PER OUTER FOLD 3 ===
========================================
Miglior F1 Validazione trovata per Fold 3: 0.9722

--- Riaddestramento modello ottimale sul Fold 3 ---
>>> TEST F1 REALE DEL FOLD 3: 0.9777 <<<

========================================
=== INIZIO RICERCA PER OUTER FOLD 4 ===
========================================
Miglior F1 Validazione trovata per Fold 4: 1.0000

--- Riaddestramento modello ottimale sul Fold 4 ---
>>> TEST F1 REALE DEL FOLD 4: 0.9771 <<<

========================================
=== INIZIO RICERCA PER OUTER FOLD 5 ===
========================================
Miglior F1 Validazione trovata per Fold 5: 0.9722

--- Riaddestramento modello ottimale sul Fold 5 ---
>>> TEST F1 REALE DEL FOLD 5: 1.0000 <<<

==================================================
=== RISULTATI FINALI NESTED CROSS-VALIDATION ===
==================================================
Fold 0 Test Macro F1: 0.9544
Fold 1 Test Macro F1: 1.0000
Fold 2 Test Macro F1: 0.9777
Fold 3 Test Macro F1: 0.9771
Fold 4 Test Macro F1: 1.0000

Media F1 Test Finale: 0.9818 ± 0.0171
==================================================
Ricerca Ottimizzata Completata!
