The following modules were not unloaded:
  (Use "module --force purge" to unload all):

  1) apps/2021
WARNING: You are using pip version 21.1.1; however, version 26.0.1 is available.
You should consider upgrading via the '/media/apps/avx512-2021/software/Python/3.9.5-GCCcore-10.3.0/bin/python3 -m pip install --upgrade pip' command.
[I 2026-04-17 18:13:53,631] A new study created in RDB with name: study_cnn_ibd_pretrainFalse_arch
[I 2026-04-17 18:14:01,979] Trial 0 finished with value: 0.32303853680566014 and parameters: {'lr_finetune': 0.0006188508738961304, 'epochs_finetune': 67, 'weight_decay': 0.0010293297134231385, 'batch_size': 32, 'patience': 9, 'scheduler_patience': 3, 'scheduler_factor': 0.6490329248210938, 'pos_weight_multiplier': 2.5267084216286038, 'num_layers': 4, 'base_filters': 16, 'dropout': 0.3737894445219586, 'kernel_size': 3}. Best is trial 0 with value: 0.32303853680566014.
[I 2026-04-17 18:14:04,354] Trial 1 finished with value: 0.5710566224290681 and parameters: {'lr_finetune': 0.0012724886688060305, 'epochs_finetune': 56, 'weight_decay': 0.047360073987877935, 'batch_size': 64, 'patience': 19, 'scheduler_patience': 7, 'scheduler_factor': 0.37467559208349643, 'pos_weight_multiplier': 1.9677117380637663, 'num_layers': 2, 'base_filters': 64, 'dropout': 0.5799341773588651, 'kernel_size': 7}. Best is trial 1 with value: 0.5710566224290681.
[I 2026-04-17 18:14:06,283] Trial 2 finished with value: 0.4735411848425547 and parameters: {'lr_finetune': 0.0002501169607188236, 'epochs_finetune': 58, 'weight_decay': 0.0027160101109585917, 'batch_size': 128, 'patience': 19, 'scheduler_patience': 2, 'scheduler_factor': 0.10103186619091042, 'pos_weight_multiplier': 0.9881197685023952, 'num_layers': 2, 'base_filters': 64, 'dropout': 0.2724619143969923, 'kernel_size': 5}. Best is trial 1 with value: 0.5710566224290681.
[I 2026-04-17 18:14:07,258] Trial 3 finished with value: 0.3564067439409905 and parameters: {'lr_finetune': 2.8747512568355487e-05, 'epochs_finetune': 56, 'weight_decay': 0.00026046327195297994, 'batch_size': 128, 'patience': 6, 'scheduler_patience': 7, 'scheduler_factor': 0.6033818214346787, 'pos_weight_multiplier': 1.3860432619357506, 'num_layers': 3, 'base_filters': 16, 'dropout': 0.21998171424987387, 'kernel_size': 5}. Best is trial 1 with value: 0.5710566224290681.
[I 2026-04-17 18:14:11,976] Trial 4 finished with value: 0.9585992343908434 and parameters: {'lr_finetune': 3.939446737796309e-05, 'epochs_finetune': 39, 'weight_decay': 0.0043161160156133084, 'batch_size': 32, 'patience': 13, 'scheduler_patience': 4, 'scheduler_factor': 0.8421903085562864, 'pos_weight_multiplier': 2.839128919178715, 'num_layers': 2, 'base_filters': 64, 'dropout': 0.5007491810217122, 'kernel_size': 5}. Best is trial 4 with value: 0.9585992343908434.
[I 2026-04-17 18:14:12,501] Trial 5 pruned. 
[I 2026-04-17 18:14:15,108] Trial 6 finished with value: 0.49794520547945204 and parameters: {'lr_finetune': 0.0009388461569102126, 'epochs_finetune': 76, 'weight_decay': 0.00011722246485987416, 'batch_size': 64, 'patience': 15, 'scheduler_patience': 8, 'scheduler_factor': 0.11151440131608306, 'pos_weight_multiplier': 1.7655984762215118, 'num_layers': 3, 'base_filters': 32, 'dropout': 0.28814679641108343, 'kernel_size': 3}. Best is trial 4 with value: 0.9585992343908434.
[I 2026-04-17 18:14:16,604] Trial 7 finished with value: 0.5478387631790205 and parameters: {'lr_finetune': 0.0009099381875280583, 'epochs_finetune': 58, 'weight_decay': 0.027018612391105472, 'batch_size': 64, 'patience': 8, 'scheduler_patience': 7, 'scheduler_factor': 0.6590332084867232, 'pos_weight_multiplier': 2.2337232825147164, 'num_layers': 2, 'base_filters': 32, 'dropout': 0.45349143613905013, 'kernel_size': 7}. Best is trial 4 with value: 0.9585992343908434.
[I 2026-04-17 18:14:19,077] Trial 8 finished with value: 0.5702266428172955 and parameters: {'lr_finetune': 4.455691788467371e-05, 'epochs_finetune': 54, 'weight_decay': 0.00024379149763979817, 'batch_size': 64, 'patience': 12, 'scheduler_patience': 6, 'scheduler_factor': 0.6226437952663364, 'pos_weight_multiplier': 1.2268573759309311, 'num_layers': 3, 'base_filters': 32, 'dropout': 0.5597625490925355, 'kernel_size': 7}. Best is trial 4 with value: 0.9585992343908434.
[I 2026-04-17 18:14:20,177] Trial 9 pruned. 
[I 2026-04-17 18:14:24,239] Trial 10 finished with value: 0.9149100452784664 and parameters: {'lr_finetune': 1.801726242641194e-05, 'epochs_finetune': 31, 'weight_decay': 0.011570028946270907, 'batch_size': 32, 'patience': 12, 'scheduler_patience': 4, 'scheduler_factor': 0.3824284437950811, 'pos_weight_multiplier': 0.5619051493048959, 'num_layers': 2, 'base_filters': 64, 'dropout': 0.5196614203102836, 'kernel_size': 5}. Best is trial 4 with value: 0.9585992343908434.
[I 2026-04-17 18:14:28,248] Trial 11 finished with value: 0.8488134041230018 and parameters: {'lr_finetune': 1.1124447862572434e-05, 'epochs_finetune': 30, 'weight_decay': 0.009589985034916825, 'batch_size': 32, 'patience': 12, 'scheduler_patience': 4, 'scheduler_factor': 0.3566447705131372, 'pos_weight_multiplier': 0.6814246592312017, 'num_layers': 2, 'base_filters': 64, 'dropout': 0.5021408868158113, 'kernel_size': 5}. Best is trial 4 with value: 0.9585992343908434.
[I 2026-04-17 18:14:33,051] Trial 12 finished with value: 0.946379759408454 and parameters: {'lr_finetune': 1.7910761646877688e-05, 'epochs_finetune': 40, 'weight_decay': 0.014520831516880672, 'batch_size': 32, 'patience': 14, 'scheduler_patience': 4, 'scheduler_factor': 0.8569022942047169, 'pos_weight_multiplier': 0.5131530750879649, 'num_layers': 2, 'base_filters': 64, 'dropout': 0.5005221989685902, 'kernel_size': 5}. Best is trial 4 with value: 0.9585992343908434.
[I 2026-04-17 18:14:37,139] Trial 13 finished with value: 0.9409437229437231 and parameters: {'lr_finetune': 7.683187893624934e-05, 'epochs_finetune': 43, 'weight_decay': 0.06846325940527075, 'batch_size': 32, 'patience': 15, 'scheduler_patience': 5, 'scheduler_factor': 0.8412888491100019, 'pos_weight_multiplier': 2.9836337963301425, 'num_layers': 2, 'base_filters': 64, 'dropout': 0.47275829049401963, 'kernel_size': 5}. Best is trial 4 with value: 0.9585992343908434.
[I 2026-04-17 18:14:40,882] Trial 14 finished with value: 0.9424445188344202 and parameters: {'lr_finetune': 0.00016172258777284238, 'epochs_finetune': 44, 'weight_decay': 0.015804976045765983, 'batch_size': 32, 'patience': 10, 'scheduler_patience': 4, 'scheduler_factor': 0.8566614496958418, 'pos_weight_multiplier': 2.4721390062033866, 'num_layers': 2, 'base_filters': 64, 'dropout': 0.4072779157418034, 'kernel_size': 5}. Best is trial 4 with value: 0.9585992343908434.
[I 2026-04-17 18:14:43,371] Trial 15 pruned. 
[I 2026-04-17 18:14:48,279] Trial 16 finished with value: 0.944934164224225 and parameters: {'lr_finetune': 3.389253357108394e-05, 'epochs_finetune': 49, 'weight_decay': 0.0009297378460412037, 'batch_size': 32, 'patience': 14, 'scheduler_patience': 5, 'scheduler_factor': 0.8943403490153666, 'pos_weight_multiplier': 2.142708442614044, 'num_layers': 2, 'base_filters': 64, 'dropout': 0.4539728745121381, 'kernel_size': 5}. Best is trial 4 with value: 0.9585992343908434.
[I 2026-04-17 18:14:52,641] Trial 17 finished with value: 0.6580170175338925 and parameters: {'lr_finetune': 6.529640198127088e-05, 'epochs_finetune': 35, 'weight_decay': 0.09914230021261812, 'batch_size': 32, 'patience': 13, 'scheduler_patience': 3, 'scheduler_factor': 0.7532892162263971, 'pos_weight_multiplier': 2.6478465011486496, 'num_layers': 4, 'base_filters': 64, 'dropout': 0.3559342344408916, 'kernel_size': 5}. Best is trial 4 with value: 0.9585992343908434.
[I 2026-04-17 18:14:56,074] Trial 18 finished with value: 0.8435112039006087 and parameters: {'lr_finetune': 0.00018255046232168757, 'epochs_finetune': 48, 'weight_decay': 0.02943315858897269, 'batch_size': 32, 'patience': 10, 'scheduler_patience': 3, 'scheduler_factor': 0.4598993556821428, 'pos_weight_multiplier': 1.769071396441301, 'num_layers': 2, 'base_filters': 64, 'dropout': 0.5837656962295226, 'kernel_size': 5}. Best is trial 4 with value: 0.9585992343908434.
[I 2026-04-17 18:14:57,509] Trial 19 pruned. 
[I 2026-04-17 18:14:57,914] Trial 20 pruned. 
[I 2026-04-17 18:14:58,938] Trial 21 pruned. 
[I 2026-04-17 18:14:59,965] Trial 22 pruned. 
[I 2026-04-17 18:15:04,215] Trial 23 finished with value: 0.9771911243609358 and parameters: {'lr_finetune': 0.00011185482684860409, 'epochs_finetune': 36, 'weight_decay': 0.0016828447870451718, 'batch_size': 32, 'patience': 14, 'scheduler_patience': 6, 'scheduler_factor': 0.7253969916941863, 'pos_weight_multiplier': 2.2633198860830293, 'num_layers': 2, 'base_filters': 64, 'dropout': 0.49469596875607724, 'kernel_size': 5}. Best is trial 23 with value: 0.9771911243609358.
[I 2026-04-17 18:15:08,725] Trial 24 finished with value: 0.9773849491940503 and parameters: {'lr_finetune': 0.00011874949197963026, 'epochs_finetune': 39, 'weight_decay': 0.0019517436729143804, 'batch_size': 32, 'patience': 16, 'scheduler_patience': 6, 'scheduler_factor': 0.7209068357337032, 'pos_weight_multiplier': 2.3948421842085867, 'num_layers': 2, 'base_filters': 64, 'dropout': 0.5201183467021391, 'kernel_size': 5}. Best is trial 24 with value: 0.9773849491940503.
[I 2026-04-17 18:15:13,225] Trial 25 finished with value: 0.9728483252167462 and parameters: {'lr_finetune': 0.00011904388390117107, 'epochs_finetune': 34, 'weight_decay': 0.0018527970068431385, 'batch_size': 32, 'patience': 17, 'scheduler_patience': 6, 'scheduler_factor': 0.7302629918757575, 'pos_weight_multiplier': 2.372884259015108, 'num_layers': 2, 'base_filters': 64, 'dropout': 0.5456178601470412, 'kernel_size': 5}. Best is trial 24 with value: 0.9773849491940503.
[I 2026-04-17 18:15:17,902] Trial 26 finished with value: 0.9773283456302323 and parameters: {'lr_finetune': 0.0001189785386110078, 'epochs_finetune': 36, 'weight_decay': 0.002161598643453804, 'batch_size': 32, 'patience': 20, 'scheduler_patience': 6, 'scheduler_factor': 0.6939132595924691, 'pos_weight_multiplier': 2.3960480425781436, 'num_layers': 2, 'base_filters': 64, 'dropout': 0.5463694875534448, 'kernel_size': 5}. Best is trial 24 with value: 0.9773849491940503.
[I 2026-04-17 18:15:23,094] Trial 27 finished with value: 0.9682087544450999 and parameters: {'lr_finetune': 0.00032222282725520124, 'epochs_finetune': 35, 'weight_decay': 0.0006240439129648856, 'batch_size': 32, 'patience': 20, 'scheduler_patience': 6, 'scheduler_factor': 0.6924700523282425, 'pos_weight_multiplier': 1.9838246780287794, 'num_layers': 3, 'base_filters': 64, 'dropout': 0.5963671350741176, 'kernel_size': 5}. Best is trial 24 with value: 0.9773849491940503.
[I 2026-04-17 18:15:27,387] Trial 28 finished with value: 0.976914954290093 and parameters: {'lr_finetune': 0.00012627545724173617, 'epochs_finetune': 33, 'weight_decay': 0.001724479224426012, 'batch_size': 32, 'patience': 18, 'scheduler_patience': 6, 'scheduler_factor': 0.5774715587394047, 'pos_weight_multiplier': 2.3272175584375856, 'num_layers': 2, 'base_filters': 16, 'dropout': 0.5604236322673102, 'kernel_size': 3}. Best is trial 24 with value: 0.9773849491940503.
[I 2026-04-17 18:15:28,026] Trial 29 pruned. 
[I 2026-04-17 18:15:29,005] Trial 30 pruned. 
[I 2026-04-17 18:15:29,931] Trial 31 pruned. 
[I 2026-04-17 18:15:34,243] Trial 32 finished with value: 0.9817626361965985 and parameters: {'lr_finetune': 0.00014594666462760533, 'epochs_finetune': 34, 'weight_decay': 0.0036481190495020357, 'batch_size': 32, 'patience': 19, 'scheduler_patience': 5, 'scheduler_factor': 0.783852749823996, 'pos_weight_multiplier': 2.4567029615946354, 'num_layers': 2, 'base_filters': 16, 'dropout': 0.5688007755711497, 'kernel_size': 3}. Best is trial 32 with value: 0.9817626361965985.
[I 2026-04-17 18:15:39,244] Trial 33 finished with value: 0.9820434664774288 and parameters: {'lr_finetune': 0.00024332699692670092, 'epochs_finetune': 41, 'weight_decay': 0.0035727127585215477, 'batch_size': 32, 'patience': 19, 'scheduler_patience': 5, 'scheduler_factor': 0.7821523077513199, 'pos_weight_multiplier': 2.501727363330311, 'num_layers': 2, 'base_filters': 16, 'dropout': 0.5226809560161609, 'kernel_size': 3}. Best is trial 33 with value: 0.9820434664774288.
[I 2026-04-17 18:15:44,441] Trial 34 finished with value: 0.9820434664774288 and parameters: {'lr_finetune': 0.00022704265705269063, 'epochs_finetune': 42, 'weight_decay': 0.0032568266775511163, 'batch_size': 32, 'patience': 19, 'scheduler_patience': 5, 'scheduler_factor': 0.7964752211334973, 'pos_weight_multiplier': 2.5304356412016977, 'num_layers': 2, 'base_filters': 16, 'dropout': 0.5237471816851691, 'kernel_size': 3}. Best is trial 33 with value: 0.9820434664774288.
[I 2026-04-17 18:15:49,622] Trial 35 finished with value: 0.9820434664774288 and parameters: {'lr_finetune': 0.00026137335750364503, 'epochs_finetune': 41, 'weight_decay': 0.00393290704546456, 'batch_size': 32, 'patience': 19, 'scheduler_patience': 5, 'scheduler_factor': 0.7982803911422649, 'pos_weight_multiplier': 2.722514028063091, 'num_layers': 2, 'base_filters': 16, 'dropout': 0.5229668972824151, 'kernel_size': 3}. Best is trial 33 with value: 0.9820434664774288.
[I 2026-04-17 18:15:50,110] Trial 36 pruned. 
[I 2026-04-17 18:15:50,690] Trial 37 pruned. 
[I 2026-04-17 18:15:51,733] Trial 38 pruned. 
[I 2026-04-17 18:15:52,300] Trial 39 pruned. 
[I 2026-04-17 18:15:52,743] Trial 40 pruned. 
[I 2026-04-17 18:15:57,495] Trial 41 finished with value: 0.9820434664774288 and parameters: {'lr_finetune': 0.00020136115573605198, 'epochs_finetune': 38, 'weight_decay': 0.003344147230814965, 'batch_size': 32, 'patience': 16, 'scheduler_patience': 5, 'scheduler_factor': 0.8287118565679804, 'pos_weight_multiplier': 2.530040001457485, 'num_layers': 2, 'base_filters': 16, 'dropout': 0.5156375689727428, 'kernel_size': 3}. Best is trial 33 with value: 0.9820434664774288.
[I 2026-04-17 18:16:02,423] Trial 42 finished with value: 0.9820434664774288 and parameters: {'lr_finetune': 0.00031188854294937206, 'epochs_finetune': 41, 'weight_decay': 0.003423956592314285, 'batch_size': 32, 'patience': 19, 'scheduler_patience': 5, 'scheduler_factor': 0.7662553013251503, 'pos_weight_multiplier': 2.510820851470545, 'num_layers': 2, 'base_filters': 16, 'dropout': 0.46787994033194863, 'kernel_size': 3}. Best is trial 33 with value: 0.9820434664774288.
[I 2026-04-17 18:16:07,502] Trial 43 finished with value: 0.9820434664774288 and parameters: {'lr_finetune': 0.0002904786510095044, 'epochs_finetune': 42, 'weight_decay': 0.005378544271740873, 'batch_size': 32, 'patience': 20, 'scheduler_patience': 4, 'scheduler_factor': 0.835289750644681, 'pos_weight_multiplier': 2.7537527585121007, 'num_layers': 2, 'base_filters': 16, 'dropout': 0.4706322014996392, 'kernel_size': 3}. Best is trial 33 with value: 0.9820434664774288.
[I 2026-04-17 18:16:08,693] Trial 44 pruned. 
[I 2026-04-17 18:16:11,951] Trial 45 finished with value: 0.7445217077227932 and parameters: {'lr_finetune': 0.00037982962390029746, 'epochs_finetune': 46, 'weight_decay': 0.0132082122462035, 'batch_size': 64, 'patience': 18, 'scheduler_patience': 5, 'scheduler_factor': 0.8246153610191967, 'pos_weight_multiplier': 2.546016777941874, 'num_layers': 2, 'base_filters': 16, 'dropout': 0.4744187961974804, 'kernel_size': 3}. Best is trial 33 with value: 0.9820434664774288.
[I 2026-04-17 18:16:13,085] Trial 46 pruned. 
[I 2026-04-17 18:16:13,425] Trial 47 pruned. 
[I 2026-04-17 18:16:14,568] Trial 48 pruned. 
[I 2026-04-17 18:16:15,590] Trial 49 pruned. 
[I 2026-04-17 18:16:16,110] Trial 50 pruned. 
[I 2026-04-17 18:16:21,181] Trial 51 finished with value: 0.9820434664774288 and parameters: {'lr_finetune': 0.000316527998891568, 'epochs_finetune': 42, 'weight_decay': 0.0052660107336663774, 'batch_size': 32, 'patience': 20, 'scheduler_patience': 4, 'scheduler_factor': 0.8304250375241069, 'pos_weight_multiplier': 2.7122874910911197, 'num_layers': 2, 'base_filters': 16, 'dropout': 0.46583027036593183, 'kernel_size': 3}. Best is trial 33 with value: 0.9820434664774288.
[I 2026-04-17 18:16:22,283] Trial 52 pruned. 
[I 2026-04-17 18:16:23,422] Trial 53 pruned. 
[I 2026-04-17 18:16:24,435] Trial 54 pruned. 
[I 2026-04-17 18:16:28,495] Trial 55 finished with value: 0.9863687358026981 and parameters: {'lr_finetune': 0.00016388114131130513, 'epochs_finetune': 32, 'weight_decay': 0.009129083622848476, 'batch_size': 32, 'patience': 18, 'scheduler_patience': 3, 'scheduler_factor': 0.8250666337095893, 'pos_weight_multiplier': 2.7786108687612745, 'num_layers': 2, 'base_filters': 16, 'dropout': 0.4641565869126232, 'kernel_size': 3}. Best is trial 55 with value: 0.9863687358026981.
[I 2026-04-17 18:16:29,434] Trial 56 pruned. 
[I 2026-04-17 18:16:33,342] Trial 57 finished with value: 0.9728095969804013 and parameters: {'lr_finetune': 0.00020903909119123862, 'epochs_finetune': 30, 'weight_decay': 0.0035060928524963076, 'batch_size': 32, 'patience': 17, 'scheduler_patience': 3, 'scheduler_factor': 0.8706599865029829, 'pos_weight_multiplier': 2.9957007113846394, 'num_layers': 2, 'base_filters': 32, 'dropout': 0.4900137067569686, 'kernel_size': 7}. Best is trial 55 with value: 0.9863687358026981.
[I 2026-04-17 18:16:33,759] Trial 58 pruned. 
[I 2026-04-17 18:16:34,245] Trial 59 pruned. 
[I 2026-04-17 18:16:35,326] Trial 60 pruned. 
[I 2026-04-17 18:16:40,503] Trial 61 finished with value: 0.9908896203235825 and parameters: {'lr_finetune': 0.00027724204341633365, 'epochs_finetune': 43, 'weight_decay': 0.0051366490121738505, 'batch_size': 32, 'patience': 19, 'scheduler_patience': 4, 'scheduler_factor': 0.8527259081247717, 'pos_weight_multiplier': 2.788506925767601, 'num_layers': 2, 'base_filters': 16, 'dropout': 0.4705513622501848, 'kernel_size': 3}. Best is trial 61 with value: 0.9908896203235825.
[I 2026-04-17 18:16:45,481] Trial 62 finished with value: 0.9820434664774288 and parameters: {'lr_finetune': 0.00040285255676522993, 'epochs_finetune': 40, 'weight_decay': 0.002346183777603804, 'batch_size': 32, 'patience': 19, 'scheduler_patience': 3, 'scheduler_factor': 0.8074737682805855, 'pos_weight_multiplier': 2.826558219744266, 'num_layers': 2, 'base_filters': 16, 'dropout': 0.48692769889379794, 'kernel_size': 3}. Best is trial 61 with value: 0.9908896203235825.
[I 2026-04-17 18:16:46,656] Trial 63 pruned. 
[I 2026-04-17 18:16:51,487] Trial 64 finished with value: 0.9775925714604959 and parameters: {'lr_finetune': 0.00035054973695801693, 'epochs_finetune': 44, 'weight_decay': 0.04011078071141844, 'batch_size': 32, 'patience': 17, 'scheduler_patience': 4, 'scheduler_factor': 0.8990788438701361, 'pos_weight_multiplier': 2.46799666499274, 'num_layers': 2, 'base_filters': 16, 'dropout': 0.5300806940896178, 'kernel_size': 3}. Best is trial 61 with value: 0.9908896203235825.
[I 2026-04-17 18:16:56,559] Trial 65 finished with value: 0.9908896203235825 and parameters: {'lr_finetune': 0.0002597834641785451, 'epochs_finetune': 40, 'weight_decay': 0.012086092360785013, 'batch_size': 32, 'patience': 18, 'scheduler_patience': 5, 'scheduler_factor': 0.746271401141447, 'pos_weight_multiplier': 2.2970961493452036, 'num_layers': 2, 'base_filters': 16, 'dropout': 0.5061241521981608, 'kernel_size': 3}. Best is trial 61 with value: 0.9908896203235825.
[I 2026-04-17 18:16:57,910] Trial 66 pruned. 
[I 2026-04-17 18:16:59,524] Trial 67 pruned. 
[I 2026-04-17 18:17:00,762] Trial 68 pruned. 
[I 2026-04-17 18:17:02,020] Trial 69 pruned. 
[I 2026-04-17 18:17:02,722] Trial 70 pruned. 
[I 2026-04-17 18:17:03,962] Trial 71 pruned. 
[I 2026-04-17 18:17:09,450] Trial 72 finished with value: 0.9820434664774288 and parameters: {'lr_finetune': 0.000286695488744368, 'epochs_finetune': 43, 'weight_decay': 0.00014236287137147377, 'batch_size': 32, 'patience': 19, 'scheduler_patience': 5, 'scheduler_factor': 0.8409920600201529, 'pos_weight_multiplier': 2.4103515421659467, 'num_layers': 2, 'base_filters': 16, 'dropout': 0.49551640004654396, 'kernel_size': 3}. Best is trial 61 with value: 0.9908896203235825.
[I 2026-04-17 18:17:14,885] Trial 73 finished with value: 0.9864387253066498 and parameters: {'lr_finetune': 0.0001913808630756086, 'epochs_finetune': 47, 'weight_decay': 0.004923970200647191, 'batch_size': 32, 'patience': 18, 'scheduler_patience': 5, 'scheduler_factor': 0.7147311130213568, 'pos_weight_multiplier': 2.599412175718845, 'num_layers': 2, 'base_filters': 16, 'dropout': 0.5311380255602447, 'kernel_size': 3}. Best is trial 61 with value: 0.9908896203235825.
[I 2026-04-17 18:17:20,463] Trial 74 finished with value: 0.9908896203235825 and parameters: {'lr_finetune': 0.00018254236889410274, 'epochs_finetune': 48, 'weight_decay': 0.004708606976487418, 'batch_size': 32, 'patience': 18, 'scheduler_patience': 6, 'scheduler_factor': 0.7138075437409914, 'pos_weight_multiplier': 2.6147026908204447, 'num_layers': 2, 'base_filters': 16, 'dropout': 0.5288365161085816, 'kernel_size': 3}. Best is trial 61 with value: 0.9908896203235825.
[I 2026-04-17 18:17:21,577] Trial 75 pruned. 
[I 2026-04-17 18:17:22,558] Trial 76 pruned. 
[I 2026-04-17 18:17:23,853] Trial 77 pruned. 
[I 2026-04-17 18:17:25,041] Trial 78 pruned. 
[I 2026-04-17 18:17:26,141] Trial 79 pruned. 
[I 2026-04-17 18:17:27,453] Trial 80 pruned. 
[I 2026-04-17 18:17:32,743] Trial 81 finished with value: 0.9820434664774288 and parameters: {'lr_finetune': 0.0002051393166178033, 'epochs_finetune': 44, 'weight_decay': 0.0015648458856676519, 'batch_size': 32, 'patience': 19, 'scheduler_patience': 5, 'scheduler_factor': 0.8160891573119999, 'pos_weight_multiplier': 2.5727513033699605, 'num_layers': 2, 'base_filters': 16, 'dropout': 0.5158558671363176, 'kernel_size': 3}. Best is trial 61 with value: 0.9908896203235825.
[I 2026-04-17 18:17:33,857] Trial 82 pruned. 
[I 2026-04-17 18:17:38,773] Trial 83 finished with value: 0.9820434664774288 and parameters: {'lr_finetune': 0.00021726048728248342, 'epochs_finetune': 47, 'weight_decay': 0.0031322219954339468, 'batch_size': 32, 'patience': 16, 'scheduler_patience': 5, 'scheduler_factor': 0.8757044363548753, 'pos_weight_multiplier': 2.621945598756198, 'num_layers': 2, 'base_filters': 16, 'dropout': 0.5303635128927928, 'kernel_size': 3}. Best is trial 61 with value: 0.9908896203235825.
[I 2026-04-17 18:17:43,819] Trial 84 finished with value: 0.9820434664774288 and parameters: {'lr_finetune': 0.0001856209442659815, 'epochs_finetune': 43, 'weight_decay': 0.0020874776149378957, 'batch_size': 32, 'patience': 17, 'scheduler_patience': 6, 'scheduler_factor': 0.8063032264476542, 'pos_weight_multiplier': 2.199406498338238, 'num_layers': 2, 'base_filters': 16, 'dropout': 0.49115191761381394, 'kernel_size': 3}. Best is trial 61 with value: 0.9908896203235825.
[I 2026-04-17 18:17:48,593] Trial 85 finished with value: 0.9820434664774288 and parameters: {'lr_finetune': 0.00031330722542197555, 'epochs_finetune': 37, 'weight_decay': 0.003756500425381167, 'batch_size': 32, 'patience': 20, 'scheduler_patience': 5, 'scheduler_factor': 0.638907074331952, 'pos_weight_multiplier': 2.7355998356271773, 'num_layers': 2, 'base_filters': 16, 'dropout': 0.517126002478515, 'kernel_size': 3}. Best is trial 61 with value: 0.9908896203235825.
[I 2026-04-17 18:17:49,635] Trial 86 pruned. 
[I 2026-04-17 18:17:50,298] Trial 87 pruned. 
[I 2026-04-17 18:17:50,883] Trial 88 pruned. 
[I 2026-04-17 18:17:51,919] Trial 89 pruned. 
[I 2026-04-17 18:17:53,151] Trial 90 pruned. 
[I 2026-04-17 18:17:54,246] Trial 91 pruned. 
[I 2026-04-17 18:17:55,362] Trial 92 pruned. 
[I 2026-04-17 18:18:00,647] Trial 93 finished with value: 0.9908896203235825 and parameters: {'lr_finetune': 0.00020751937452912581, 'epochs_finetune': 43, 'weight_decay': 0.007300974918592488, 'batch_size': 32, 'patience': 20, 'scheduler_patience': 6, 'scheduler_factor': 0.8280588086509634, 'pos_weight_multiplier': 2.5935044370775855, 'num_layers': 2, 'base_filters': 16, 'dropout': 0.46141932948487974, 'kernel_size': 3}. Best is trial 61 with value: 0.9908896203235825.
[I 2026-04-17 18:18:06,146] Trial 94 finished with value: 0.9908896203235825 and parameters: {'lr_finetune': 0.00019408821401386262, 'epochs_finetune': 43, 'weight_decay': 0.0071849839774716555, 'batch_size': 32, 'patience': 20, 'scheduler_patience': 6, 'scheduler_factor': 0.8247655982269626, 'pos_weight_multiplier': 2.7295009912563746, 'num_layers': 2, 'base_filters': 16, 'dropout': 0.45681106236430447, 'kernel_size': 3}. Best is trial 61 with value: 0.9908896203235825.
[I 2026-04-17 18:18:12,112] Trial 95 finished with value: 0.9908896203235825 and parameters: {'lr_finetune': 0.0002155716525812931, 'epochs_finetune': 50, 'weight_decay': 0.007056377187779918, 'batch_size': 32, 'patience': 20, 'scheduler_patience': 6, 'scheduler_factor': 0.6774692474609835, 'pos_weight_multiplier': 2.85931137963208, 'num_layers': 2, 'base_filters': 16, 'dropout': 0.4288964446051168, 'kernel_size': 3}. Best is trial 61 with value: 0.9908896203235825.
[I 2026-04-17 18:18:13,560] Trial 96 pruned. 
[I 2026-04-17 18:18:14,763] Trial 97 pruned. 
[I 2026-04-17 18:18:15,828] Trial 98 pruned. 
[I 2026-04-17 18:18:17,091] Trial 99 pruned. 
[I 2026-04-17 18:18:18,548] Trial 100 pruned. 
[I 2026-04-17 18:18:23,778] Trial 101 finished with value: 0.9908896203235825 and parameters: {'lr_finetune': 0.00025772121248236496, 'epochs_finetune': 44, 'weight_decay': 0.008793531964141234, 'batch_size': 32, 'patience': 19, 'scheduler_patience': 7, 'scheduler_factor': 0.8241407505133173, 'pos_weight_multiplier': 2.6270896385909834, 'num_layers': 2, 'base_filters': 16, 'dropout': 0.4091217848888938, 'kernel_size': 3}. Best is trial 61 with value: 0.9908896203235825.
[I 2026-04-17 18:18:29,240] Trial 102 finished with value: 0.9820434664774288 and parameters: {'lr_finetune': 0.00019984170052191562, 'epochs_finetune': 44, 'weight_decay': 0.009196308087326648, 'batch_size': 32, 'patience': 19, 'scheduler_patience': 7, 'scheduler_factor': 0.8198669305359781, 'pos_weight_multiplier': 2.637864933482283, 'num_layers': 2, 'base_filters': 16, 'dropout': 0.37606364010885246, 'kernel_size': 3}. Best is trial 61 with value: 0.9908896203235825.
[I 2026-04-17 18:18:34,548] Trial 103 finished with value: 0.9820434664774288 and parameters: {'lr_finetune': 0.0003254582212903098, 'epochs_finetune': 45, 'weight_decay': 0.005171827673104156, 'batch_size': 32, 'patience': 19, 'scheduler_patience': 7, 'scheduler_factor': 0.8263847522155702, 'pos_weight_multiplier': 2.5892788574825074, 'num_layers': 2, 'base_filters': 16, 'dropout': 0.41273170111645363, 'kernel_size': 3}. Best is trial 61 with value: 0.9908896203235825.
[I 2026-04-17 18:18:39,940] Trial 104 finished with value: 0.9864387253066498 and parameters: {'lr_finetune': 0.00023653480893500941, 'epochs_finetune': 43, 'weight_decay': 0.010362227310571197, 'batch_size': 32, 'patience': 20, 'scheduler_patience': 8, 'scheduler_factor': 0.8782019307117079, 'pos_weight_multiplier': 2.7613864389939518, 'num_layers': 2, 'base_filters': 16, 'dropout': 0.43849463770428193, 'kernel_size': 3}. Best is trial 61 with value: 0.9908896203235825.
[I 2026-04-17 18:18:45,318] Trial 105 finished with value: 0.9908896203235825 and parameters: {'lr_finetune': 0.00015944618682078613, 'epochs_finetune': 43, 'weight_decay': 0.011557360529709924, 'batch_size': 32, 'patience': 20, 'scheduler_patience': 8, 'scheduler_factor': 0.8748168468252957, 'pos_weight_multiplier': 2.7738818827555356, 'num_layers': 2, 'base_filters': 16, 'dropout': 0.4278807135213557, 'kernel_size': 3}. Best is trial 61 with value: 0.9908896203235825.
[I 2026-04-17 18:18:50,664] Trial 106 finished with value: 0.9908896203235825 and parameters: {'lr_finetune': 0.0001574302835911826, 'epochs_finetune': 43, 'weight_decay': 0.01614099457806551, 'batch_size': 32, 'patience': 20, 'scheduler_patience': 8, 'scheduler_factor': 0.8767445581965347, 'pos_weight_multiplier': 2.939256945814523, 'num_layers': 2, 'base_filters': 16, 'dropout': 0.42763102838480266, 'kernel_size': 3}. Best is trial 61 with value: 0.9908896203235825.
[I 2026-04-17 18:18:51,979] Trial 107 pruned. 
[I 2026-04-17 18:18:57,303] Trial 108 finished with value: 0.9820434664774288 and parameters: {'lr_finetune': 0.0002753940341631988, 'epochs_finetune': 46, 'weight_decay': 0.011384314393119039, 'batch_size': 32, 'patience': 20, 'scheduler_patience': 8, 'scheduler_factor': 0.8816922204709671, 'pos_weight_multiplier': 2.929804813505964, 'num_layers': 2, 'base_filters': 16, 'dropout': 0.4267883359270194, 'kernel_size': 3}. Best is trial 61 with value: 0.9908896203235825.
[I 2026-04-17 18:18:57,829] Trial 109 pruned. 
[I 2026-04-17 18:19:03,301] Trial 110 finished with value: 0.9820434664774288 and parameters: {'lr_finetune': 0.00020898616331739277, 'epochs_finetune': 48, 'weight_decay': 0.01295398855748526, 'batch_size': 32, 'patience': 20, 'scheduler_patience': 8, 'scheduler_factor': 0.8476443880607003, 'pos_weight_multiplier': 2.819500816074328, 'num_layers': 2, 'base_filters': 16, 'dropout': 0.3883082361216409, 'kernel_size': 3}. Best is trial 61 with value: 0.9908896203235825.
[I 2026-04-17 18:19:04,500] Trial 111 pruned. 
[I 2026-04-17 18:19:05,726] Trial 112 pruned. 
[I 2026-04-17 18:19:11,193] Trial 113 finished with value: 0.9908896203235825 and parameters: {'lr_finetune': 0.00015911315794236042, 'epochs_finetune': 47, 'weight_decay': 0.02301098321902308, 'batch_size': 32, 'patience': 18, 'scheduler_patience': 8, 'scheduler_factor': 0.8371225851305808, 'pos_weight_multiplier': 2.67431418557744, 'num_layers': 2, 'base_filters': 16, 'dropout': 0.4512336155717442, 'kernel_size': 3}. Best is trial 61 with value: 0.9908896203235825.
[I 2026-04-17 18:19:16,875] Trial 114 finished with value: 0.9908896203235825 and parameters: {'lr_finetune': 0.00023180294364572604, 'epochs_finetune': 47, 'weight_decay': 0.023108051995792623, 'batch_size': 32, 'patience': 19, 'scheduler_patience': 8, 'scheduler_factor': 0.8559933064854514, 'pos_weight_multiplier': 2.672685462967276, 'num_layers': 2, 'base_filters': 16, 'dropout': 0.4269738220992096, 'kernel_size': 3}. Best is trial 61 with value: 0.9908896203235825.
[I 2026-04-17 18:19:22,717] Trial 115 finished with value: 0.9820434664774288 and parameters: {'lr_finetune': 0.00019004070660975922, 'epochs_finetune': 47, 'weight_decay': 0.022820038559329882, 'batch_size': 32, 'patience': 19, 'scheduler_patience': 8, 'scheduler_factor': 0.8524932962943534, 'pos_weight_multiplier': 2.688714913312793, 'num_layers': 2, 'base_filters': 16, 'dropout': 0.42357197291227017, 'kernel_size': 3}. Best is trial 61 with value: 0.9908896203235825.
[I 2026-04-17 18:19:23,772] Trial 116 pruned. 
[I 2026-04-17 18:19:24,921] Trial 117 pruned. 
[I 2026-04-17 18:19:29,822] Trial 118 finished with value: 0.9820434664774288 and parameters: {'lr_finetune': 0.0002995830212662199, 'epochs_finetune': 48, 'weight_decay': 0.015488747032811275, 'batch_size': 32, 'patience': 18, 'scheduler_patience': 8, 'scheduler_factor': 0.8992008985440331, 'pos_weight_multiplier': 2.6034117805256116, 'num_layers': 2, 'base_filters': 16, 'dropout': 0.39731598771313087, 'kernel_size': 3}. Best is trial 61 with value: 0.9908896203235825.
[I 2026-04-17 18:19:30,525] Trial 119 pruned. 
[I 2026-04-17 18:19:35,797] Trial 120 finished with value: 0.9908896203235825 and parameters: {'lr_finetune': 0.000262400683944528, 'epochs_finetune': 46, 'weight_decay': 0.019143370511421384, 'batch_size': 32, 'patience': 19, 'scheduler_patience': 8, 'scheduler_factor': 0.8256604636722713, 'pos_weight_multiplier': 2.9621758454988134, 'num_layers': 2, 'base_filters': 16, 'dropout': 0.42982122848703785, 'kernel_size': 3}. Best is trial 61 with value: 0.9908896203235825.
[I 2026-04-17 18:19:41,005] Trial 121 finished with value: 0.9908896203235825 and parameters: {'lr_finetune': 0.00024218479130944386, 'epochs_finetune': 46, 'weight_decay': 0.026437140081384078, 'batch_size': 32, 'patience': 19, 'scheduler_patience': 8, 'scheduler_factor': 0.8288264776824148, 'pos_weight_multiplier': 2.957170580719923, 'num_layers': 2, 'base_filters': 16, 'dropout': 0.37899880738406233, 'kernel_size': 3}. Best is trial 61 with value: 0.9908896203235825.
[I 2026-04-17 18:19:46,125] Trial 122 finished with value: 0.9908896203235825 and parameters: {'lr_finetune': 0.0002683990034979882, 'epochs_finetune': 46, 'weight_decay': 0.02559877769284348, 'batch_size': 32, 'patience': 19, 'scheduler_patience': 8, 'scheduler_factor': 0.8347083817648495, 'pos_weight_multiplier': 2.936389470515826, 'num_layers': 2, 'base_filters': 16, 'dropout': 0.37446173106719305, 'kernel_size': 3}. Best is trial 61 with value: 0.9908896203235825.
[I 2026-04-17 18:19:51,183] Trial 123 finished with value: 0.9864387253066498 and parameters: {'lr_finetune': 0.00036014620798516196, 'epochs_finetune': 44, 'weight_decay': 0.05983114281358985, 'batch_size': 32, 'patience': 19, 'scheduler_patience': 8, 'scheduler_factor': 0.8131474164450622, 'pos_weight_multiplier': 2.973845124337805, 'num_layers': 2, 'base_filters': 16, 'dropout': 0.3344173833958713, 'kernel_size': 3}. Best is trial 61 with value: 0.9908896203235825.
[I 2026-04-17 18:19:56,550] Trial 124 finished with value: 0.9908896203235825 and parameters: {'lr_finetune': 0.00022786515105684238, 'epochs_finetune': 42, 'weight_decay': 0.01901880807939189, 'batch_size': 32, 'patience': 20, 'scheduler_patience': 8, 'scheduler_factor': 0.8703321742263369, 'pos_weight_multiplier': 2.857434429460486, 'num_layers': 2, 'base_filters': 16, 'dropout': 0.431195519233951, 'kernel_size': 3}. Best is trial 61 with value: 0.9908896203235825.
[I 2026-04-17 18:20:01,799] Trial 125 finished with value: 0.9820434664774288 and parameters: {'lr_finetune': 0.00025464798412421153, 'epochs_finetune': 45, 'weight_decay': 0.017303820955805342, 'batch_size': 32, 'patience': 20, 'scheduler_patience': 8, 'scheduler_factor': 0.832710394518548, 'pos_weight_multiplier': 2.915280020996076, 'num_layers': 2, 'base_filters': 16, 'dropout': 0.3512706492835767, 'kernel_size': 3}. Best is trial 61 with value: 0.9908896203235825.
[I 2026-04-17 18:20:02,953] Trial 126 pruned. 
[I 2026-04-17 18:20:08,492] Trial 127 finished with value: 0.9908896203235825 and parameters: {'lr_finetune': 0.00017233602610745762, 'epochs_finetune': 46, 'weight_decay': 0.026643242700099278, 'batch_size': 32, 'patience': 20, 'scheduler_patience': 8, 'scheduler_factor': 0.4670808487858127, 'pos_weight_multiplier': 2.8987623603631913, 'num_layers': 2, 'base_filters': 16, 'dropout': 0.4007165745625104, 'kernel_size': 3}. Best is trial 61 with value: 0.9908896203235825.
[I 2026-04-17 18:20:09,560] Trial 128 pruned. 
[I 2026-04-17 18:20:10,614] Trial 129 pruned. 
[I 2026-04-17 18:20:15,894] Trial 130 finished with value: 0.9908896203235825 and parameters: {'lr_finetune': 0.0002890914868025724, 'epochs_finetune': 44, 'weight_decay': 0.03866311951318686, 'batch_size': 32, 'patience': 20, 'scheduler_patience': 8, 'scheduler_factor': 0.7751578725158668, 'pos_weight_multiplier': 2.8764276007005867, 'num_layers': 2, 'base_filters': 16, 'dropout': 0.47358626398313186, 'kernel_size': 3}. Best is trial 61 with value: 0.9908896203235825.
[I 2026-04-17 18:20:21,317] Trial 131 finished with value: 0.9908896203235825 and parameters: {'lr_finetune': 0.0002698979785594603, 'epochs_finetune': 46, 'weight_decay': 0.02466597627789506, 'batch_size': 32, 'patience': 19, 'scheduler_patience': 8, 'scheduler_factor': 0.8250883025373583, 'pos_weight_multiplier': 2.9466214428156934, 'num_layers': 2, 'base_filters': 16, 'dropout': 0.38320125404736777, 'kernel_size': 3}. Best is trial 61 with value: 0.9908896203235825.
[I 2026-04-17 18:20:26,270] Trial 132 finished with value: 0.9908896203235825 and parameters: {'lr_finetune': 0.00023535995073410034, 'epochs_finetune': 47, 'weight_decay': 0.0556861733700353, 'batch_size': 32, 'patience': 18, 'scheduler_patience': 8, 'scheduler_factor': 0.8473557005026845, 'pos_weight_multiplier': 2.924332170670446, 'num_layers': 2, 'base_filters': 16, 'dropout': 0.3618091255123509, 'kernel_size': 3}. Best is trial 61 with value: 0.9908896203235825.
[I 2026-04-17 18:20:31,617] Trial 133 finished with value: 0.9908896203235825 and parameters: {'lr_finetune': 0.00020232129277336273, 'epochs_finetune': 45, 'weight_decay': 0.029647234786503468, 'batch_size': 32, 'patience': 19, 'scheduler_patience': 8, 'scheduler_factor': 0.8315556007023209, 'pos_weight_multiplier': 2.824997881278537, 'num_layers': 2, 'base_filters': 16, 'dropout': 0.37861182202679583, 'kernel_size': 3}. Best is trial 61 with value: 0.9908896203235825.
[I 2026-04-17 18:20:32,790] Trial 134 pruned. 
[I 2026-04-17 18:20:38,015] Trial 135 finished with value: 0.9908896203235825 and parameters: {'lr_finetune': 0.00016959581509668717, 'epochs_finetune': 43, 'weight_decay': 0.026860413494009614, 'batch_size': 32, 'patience': 18, 'scheduler_patience': 8, 'scheduler_factor': 0.7972543261221692, 'pos_weight_multiplier': 2.753738736573389, 'num_layers': 2, 'base_filters': 16, 'dropout': 0.4512387505727208, 'kernel_size': 3}. Best is trial 61 with value: 0.9908896203235825.
[I 2026-04-17 18:20:38,631] Trial 136 pruned. 
[I 2026-04-17 18:20:39,806] Trial 137 pruned. 
[I 2026-04-17 18:20:44,954] Trial 138 finished with value: 0.9820434664774288 and parameters: {'lr_finetune': 0.00022013847165936444, 'epochs_finetune': 40, 'weight_decay': 0.006856639727872274, 'batch_size': 32, 'patience': 20, 'scheduler_patience': 8, 'scheduler_factor': 0.820278460453738, 'pos_weight_multiplier': 2.732854521688504, 'num_layers': 2, 'base_filters': 16, 'dropout': 0.34700770838549094, 'kernel_size': 3}. Best is trial 61 with value: 0.9908896203235825.
[I 2026-04-17 18:20:46,147] Trial 139 pruned. 
[I 2026-04-17 18:20:51,156] Trial 140 finished with value: 0.9820434664774288 and parameters: {'lr_finetune': 0.0003968994088756123, 'epochs_finetune': 46, 'weight_decay': 0.011602814100289667, 'batch_size': 32, 'patience': 19, 'scheduler_patience': 6, 'scheduler_factor': 0.7840573333257999, 'pos_weight_multiplier': 2.868226181445076, 'num_layers': 2, 'base_filters': 16, 'dropout': 0.39297606735787866, 'kernel_size': 3}. Best is trial 61 with value: 0.9908896203235825.
[I 2026-04-17 18:20:52,320] Trial 141 pruned. 
[I 2026-04-17 18:20:53,485] Trial 142 pruned. 
[I 2026-04-17 18:20:58,631] Trial 143 finished with value: 0.9820434664774288 and parameters: {'lr_finetune': 0.00021445333146717242, 'epochs_finetune': 44, 'weight_decay': 0.015549223226026292, 'batch_size': 32, 'patience': 20, 'scheduler_patience': 8, 'scheduler_factor': 0.8448686987867519, 'pos_weight_multiplier': 2.8646330097858934, 'num_layers': 2, 'base_filters': 16, 'dropout': 0.4311338274421405, 'kernel_size': 3}. Best is trial 61 with value: 0.9908896203235825.
[I 2026-04-17 18:21:03,763] Trial 144 finished with value: 0.9908896203235825 and parameters: {'lr_finetune': 0.00020039170716369892, 'epochs_finetune': 39, 'weight_decay': 0.03598324714529564, 'batch_size': 32, 'patience': 20, 'scheduler_patience': 8, 'scheduler_factor': 0.8970858462865192, 'pos_weight_multiplier': 2.7843181470649943, 'num_layers': 2, 'base_filters': 16, 'dropout': 0.4037003259947629, 'kernel_size': 3}. Best is trial 61 with value: 0.9908896203235825.
[I 2026-04-17 18:21:09,137] Trial 145 finished with value: 0.9908896203235825 and parameters: {'lr_finetune': 0.00015372686214071618, 'epochs_finetune': 45, 'weight_decay': 0.02515070090244888, 'batch_size': 32, 'patience': 19, 'scheduler_patience': 8, 'scheduler_factor': 0.8742630005835702, 'pos_weight_multiplier': 2.6971897826731084, 'num_layers': 2, 'base_filters': 16, 'dropout': 0.4163589588690928, 'kernel_size': 3}. Best is trial 61 with value: 0.9908896203235825.
[I 2026-04-17 18:21:10,397] Trial 146 pruned. 
[I 2026-04-17 18:21:11,648] Trial 147 pruned. 
[I 2026-04-17 18:21:12,700] Trial 148 pruned. 
[I 2026-04-17 18:21:15,816] Trial 149 finished with value: 0.7489726027397261 and parameters: {'lr_finetune': 0.00022733654257072337, 'epochs_finetune': 45, 'weight_decay': 0.019931296403496255, 'batch_size': 32, 'patience': 9, 'scheduler_patience': 6, 'scheduler_factor': 0.756749033764512, 'pos_weight_multiplier': 2.630726874973384, 'num_layers': 2, 'base_filters': 16, 'dropout': 0.4243759070203376, 'kernel_size': 3}. Best is trial 61 with value: 0.9908896203235825.
